<?xml version="1.0" encoding="UTF-8"?>
<testsuite name="create a meeting in StartSharp" tests="2" skipped="0" failures="0" errors="0" timestamp="2022-05-17T16:51:38" hostname="DESKTOP-ONJ7MUI" time="47.319">
  <properties/>
  <testcase name="Create Business Units" classname="create a meeting in StartSharp" time="20.09"/>
  <testcase name="Create meeting" classname="create a meeting in StartSharp" time="27.196"/>
  <system-out><![CDATA[]]></system-out>
  <system-err><![CDATA[[Test worker] WARN net.thucydides.core.steps.BaseStepListener - stepStarted: net.thucydides.core.steps.ExecutedStepDescription@403a2804
[Test worker] WARN net.thucydides.core.steps.BaseStepListener - stepStarted: net.thucydides.core.steps.ExecutedStepDescription@5c225ccd
[Test worker] WARN net.thucydides.core.steps.BaseStepListener - stepStarted: net.thucydides.core.steps.ExecutedStepDescription@36274127
may. 17, 2022 11:51:39 A. M. org.openqa.selenium.remote.DesiredCapabilities chrome
INFORMACIÓN: Using `new ChromeOptions()` is preferred to `DesiredCapabilities.chrome()`
[Test worker] INFO net.serenitybdd.core.webdriver.driverproviders.ProvideNewDriver - Instantiating driver
[Test worker] INFO net.serenitybdd.core.webdriver.driverproviders.ProvideNewDriver - Driver capabilities: Capabilities {acceptInsecureCerts: false, browserName: chrome, chrome.switches: --start-maximized, goog:chromeOptions: {args: [--start-maximized], extensions: []}, loggingPrefs: org.openqa.selenium.logging..., platform: ANY, version: }
Starting ChromeDriver 101.0.4951.41 (93c720db8323b3ec10d056025ab95c23a31997c9-refs/branch-heads/4951@{#904}) on port 2916
Only local connections are allowed.
Please see https://chromedriver.chromium.org/security-considerations for suggestions on keeping ChromeDriver safe.
ChromeDriver was started successfully.
may. 17, 2022 11:51:43 A. M. org.openqa.selenium.remote.ProtocolHandshake createSession
INFORMACIÓN: Detected dialect: W3C
[Test worker] WARN net.thucydides.core.steps.BaseStepListener - stepFinished: current outcome:Create Business Units:Example: {strNameBUnits=FirstUnits, strUnit=FirstUnits} [Given that an user want to login in StartSharp [User open [user opens the Open page]]]
[Test worker] WARN net.thucydides.core.steps.BaseStepListener - stepFinished: current outcome:Create Business Units:Example: {strNameBUnits=FirstUnits, strUnit=FirstUnits} [Given that an user want to login in StartSharp [User open [user opens the Open page]]]
[Test worker] WARN net.thucydides.core.steps.BaseStepListener - stepFinished: current outcome:Create Business Units:Example: {strNameBUnits=FirstUnits, strUnit=FirstUnits} [Given that an user want to login in StartSharp [User open [user opens the Open page]]]
[Test worker] WARN net.thucydides.core.steps.BaseStepListener - stepStarted: net.thucydides.core.steps.ExecutedStepDescription@37197d92
[Test worker] WARN net.thucydides.core.steps.BaseStepListener - stepStarted: net.thucydides.core.steps.ExecutedStepDescription@33eae471
[Test worker] WARN net.thucydides.core.steps.BaseStepListener - stepStarted: net.thucydides.core.steps.ExecutedStepDescription@5e65d58c
[Test worker] WARN net.thucydides.core.steps.BaseStepListener - stepFinished: current outcome:Create Business Units:Example: {strNameBUnits=FirstUnits, strUnit=FirstUnits} [Given that an user want to login in StartSharp [User open [user opens the Open page]], When the user insert the information of the business units
| strNameBUnits |
| FirstUnits | [User create business units [user clicks on Button for login]]]
[Test worker] WARN net.thucydides.core.steps.BaseStepListener - stepStarted: net.thucydides.core.steps.ExecutedStepDescription@19e8cf9d
[Test worker] WARN net.thucydides.core.steps.BaseStepListener - stepFinished: current outcome:Create Business Units:Example: {strNameBUnits=FirstUnits, strUnit=FirstUnits} [Given that an user want to login in StartSharp [User open [user opens the Open page]], When the user insert the information of the business units
| strNameBUnits |
| FirstUnits | [User create business units [user clicks on Button for login, user clicks on Select option organization]]]
[Test worker] WARN net.thucydides.core.steps.BaseStepListener - stepStarted: net.thucydides.core.steps.ExecutedStepDescription@7587f264
[Test worker] WARN net.thucydides.core.steps.BaseStepListener - stepFinished: current outcome:Create Business Units:Example: {strNameBUnits=FirstUnits, strUnit=FirstUnits} [Given that an user want to login in StartSharp [User open [user opens the Open page]], When the user insert the information of the business units
| strNameBUnits |
| FirstUnits | [User create business units [user clicks on Button for login, user clicks on Select option organization, user clicks on Select option business units]]]
[Test worker] WARN net.thucydides.core.steps.BaseStepListener - stepStarted: net.thucydides.core.steps.ExecutedStepDescription@e7fe946
[Test worker] WARN net.thucydides.core.steps.BaseStepListener - stepFinished: current outcome:Create Business Units:Example: {strNameBUnits=FirstUnits, strUnit=FirstUnits} [Given that an user want to login in StartSharp [User open [user opens the Open page]], When the user insert the information of the business units
| strNameBUnits |
| FirstUnits | [User create business units [user clicks on Button for login, user clicks on Select option organization, user clicks on Select option business units, user clicks on Select new business units]]]
[Test worker] WARN net.thucydides.core.steps.BaseStepListener - stepStarted: net.thucydides.core.steps.ExecutedStepDescription@5e0b425d
[Test worker] WARN net.thucydides.core.steps.BaseStepListener - stepFinished: current outcome:Create Business Units:Example: {strNameBUnits=FirstUnits, strUnit=FirstUnits} [Given that an user want to login in StartSharp [User open [user opens the Open page]], When the user insert the information of the business units
| strNameBUnits |
| FirstUnits | [User create business units [user clicks on Button for login, user clicks on Select option organization, user clicks on Select option business units, user clicks on Select new business units, user enters 'FirstUnits' into Insert name business units]]]
[Test worker] WARN net.thucydides.core.steps.BaseStepListener - stepStarted: net.thucydides.core.steps.ExecutedStepDescription@40e0655c
[Test worker] WARN net.thucydides.core.steps.BaseStepListener - stepFinished: current outcome:Create Business Units:Example: {strNameBUnits=FirstUnits, strUnit=FirstUnits} [Given that an user want to login in StartSharp [User open [user opens the Open page]], When the user insert the information of the business units
| strNameBUnits |
| FirstUnits | [User create business units [user clicks on Button for login, user clicks on Select option organization, user clicks on Select option business units, user clicks on Select new business units, user enters 'FirstUnits' into Insert name business units, user clicks on Select parent unit]]]
[Test worker] WARN net.thucydides.core.steps.BaseStepListener - stepStarted: net.thucydides.core.steps.ExecutedStepDescription@63df49f4
[Test worker] WARN net.thucydides.core.steps.BaseStepListener - stepFinished: current outcome:Create Business Units:Example: {strNameBUnits=FirstUnits, strUnit=FirstUnits} [Given that an user want to login in StartSharp [User open [user opens the Open page]], When the user insert the information of the business units
| strNameBUnits |
| FirstUnits | [User create business units [user clicks on Button for login, user clicks on Select option organization, user clicks on Select option business units, user clicks on Select new business units, user enters 'FirstUnits' into Insert name business units, user clicks on Select parent unit, user clicks on Select option parent unit]]]
[Test worker] WARN net.thucydides.core.steps.BaseStepListener - stepStarted: net.thucydides.core.steps.ExecutedStepDescription@6d419fb9
[Test worker] WARN net.thucydides.core.steps.BaseStepListener - stepFinished: current outcome:Create Business Units:Example: {strNameBUnits=FirstUnits, strUnit=FirstUnits} [Given that an user want to login in StartSharp [User open [user opens the Open page]], When the user insert the information of the business units
| strNameBUnits |
| FirstUnits | [User create business units [user clicks on Button for login, user clicks on Select option organization, user clicks on Select option business units, user clicks on Select new business units, user enters 'FirstUnits' into Insert name business units, user clicks on Select parent unit, user clicks on Select option parent unit, user clicks on Save business units]]]
[Test worker] WARN net.thucydides.core.steps.BaseStepListener - stepStarted: net.thucydides.core.steps.ExecutedStepDescription@5c576bf0
[Test worker] WARN net.thucydides.core.steps.BaseStepListener - stepFinished: current outcome:Create Business Units:Example: {strNameBUnits=FirstUnits, strUnit=FirstUnits} [Given that an user want to login in StartSharp [User open [user opens the Open page]], When the user insert the information of the business units
| strNameBUnits |
| FirstUnits | [User create business units [user clicks on Button for login, user clicks on Select option organization, user clicks on Select option business units, user clicks on Select new business units, user enters 'FirstUnits' into Insert name business units, user clicks on Select parent unit, user clicks on Select option parent unit, user clicks on Save business units, user enters 'FirstUnits' into Search business units]]]
[Test worker] WARN net.thucydides.core.steps.BaseStepListener - stepFinished: current outcome:Create Business Units:Example: {strNameBUnits=FirstUnits, strUnit=FirstUnits} [Given that an user want to login in StartSharp [User open [user opens the Open page]], When the user insert the information of the business units
| strNameBUnits |
| FirstUnits | [User create business units [user clicks on Button for login, user clicks on Select option organization, user clicks on Select option business units, user clicks on Select new business units, user enters 'FirstUnits' into Insert name business units, user clicks on Select parent unit, user clicks on Select option parent unit, user clicks on Save business units, user enters 'FirstUnits' into Search business units]]]
[Test worker] WARN net.thucydides.core.steps.BaseStepListener - stepFinished: current outcome:Create Business Units:Example: {strNameBUnits=FirstUnits, strUnit=FirstUnits} [Given that an user want to login in StartSharp [User open [user opens the Open page]], When the user insert the information of the business units
| strNameBUnits |
| FirstUnits | [User create business units [user clicks on Button for login, user clicks on Select option organization, user clicks on Select option business units, user clicks on Select new business units, user enters 'FirstUnits' into Insert name business units, user clicks on Select parent unit, user clicks on Select option parent unit, user clicks on Save business units, user enters 'FirstUnits' into Search business units]]]
[Test worker] WARN net.thucydides.core.steps.BaseStepListener - stepStarted: net.thucydides.core.steps.ExecutedStepDescription@4c2ce8bf
[Test worker] WARN net.thucydides.core.steps.BaseStepListener - stepStarted: net.thucydides.core.steps.ExecutedStepDescription@2b9197a7
[Test worker] WARN net.thucydides.core.steps.BaseStepListener - stepFinished: current outcome:Create Business Units:Example: {strNameBUnits=FirstUnits, strUnit=FirstUnits} [Given that an user want to login in StartSharp [User open [user opens the Open page]], When the user insert the information of the business units
| strNameBUnits |
| FirstUnits | [User create business units [user clicks on Button for login, user clicks on Select option organization, user clicks on Select option business units, user clicks on Select new business units, user enters 'FirstUnits' into Insert name business units, user clicks on Select parent unit, user clicks on Select option parent unit, user clicks on Save business units, user enters 'FirstUnits' into Search business units]], Then it should show Unit name
| strUnit |
| FirstUnits | [Then the nameof]]
[Test worker] WARN net.thucydides.core.steps.BaseStepListener - stepFinished: current outcome:Create Business Units:Example: {strNameBUnits=FirstUnits, strUnit=FirstUnits} [Given that an user want to login in StartSharp [User open [user opens the Open page]], When the user insert the information of the business units
| strNameBUnits |
| FirstUnits | [User create business units [user clicks on Button for login, user clicks on Select option organization, user clicks on Select option business units, user clicks on Select new business units, user enters 'FirstUnits' into Insert name business units, user clicks on Select parent unit, user clicks on Select option parent unit, user clicks on Save business units, user enters 'FirstUnits' into Search business units]], Then it should show Unit name
| strUnit |
| FirstUnits | [Then the nameof]]
[Test worker] WARN net.thucydides.core.steps.BaseStepListener - stepFinished: current outcome:Create Business Units:Example: {strNameBUnits=FirstUnits, strUnit=FirstUnits} [Given that an user want to login in StartSharp [User open [user opens the Open page]], When the user insert the information of the business units
| strNameBUnits |
| FirstUnits | [User create business units [user clicks on Button for login, user clicks on Select option organization, user clicks on Select option business units, user clicks on Select new business units, user enters 'FirstUnits' into Insert name business units, user clicks on Select parent unit, user clicks on Select option parent unit, user clicks on Save business units, user enters 'FirstUnits' into Search business units]], Then it should show Unit name
| strUnit |
| FirstUnits | [Then the nameof]]
[Test worker] WARN net.thucydides.core.steps.BaseStepListener - testFinished: Create Business Units:Example: {strNameBUnits=FirstUnits, strUnit=FirstUnits} [Given that an user want to login in StartSharp [User open [user opens the Open page]], When the user insert the information of the business units
| strNameBUnits |
| FirstUnits | [User create business units [user clicks on Button for login, user clicks on Select option organization, user clicks on Select option business units, user clicks on Select new business units, user enters 'FirstUnits' into Insert name business units, user clicks on Select parent unit, user clicks on Select option parent unit, user clicks on Save business units, user enters 'FirstUnits' into Search business units]], Then it should show Unit name
| strUnit |
| FirstUnits | [Then the nameof]]
[Test worker] WARN net.thucydides.core.steps.BaseStepListener - TestOutcomes: [Create Business Units:Example: {strNameBUnits=FirstUnits, strUnit=FirstUnits} [Given that an user want to login in StartSharp [User open [user opens the Open page]], When the user insert the information of the business units
| strNameBUnits |
| FirstUnits | [User create business units [user clicks on Button for login, user clicks on Select option organization, user clicks on Select option business units, user clicks on Select new business units, user enters 'FirstUnits' into Insert name business units, user clicks on Select parent unit, user clicks on Select option parent unit, user clicks on Save business units, user enters 'FirstUnits' into Search business units]], Then it should show Unit name
| strUnit |
| FirstUnits | [Then the nameof]]]
[Test worker] WARN net.thucydides.core.steps.BaseStepListener - Final testOutcomes: [Create Business Units:Example: {strNameBUnits=FirstUnits, strUnit=FirstUnits} [Given that an user want to login in StartSharp [User open [user opens the Open page]], When the user insert the information of the business units
| strNameBUnits |
| FirstUnits | [User create business units [user clicks on Button for login, user clicks on Select option organization, user clicks on Select option business units, user clicks on Select new business units, user enters 'FirstUnits' into Insert name business units, user clicks on Select parent unit, user clicks on Select option parent unit, user clicks on Save business units, user enters 'FirstUnits' into Search business units]], Then it should show Unit name
| strUnit |
| FirstUnits | [Then the nameof]]]
[Test worker] INFO net.thucydides.core.steps.ConsoleLoggingListener - 
        __    _____ _____ ____ _____   ____   _    ____  ____  _____ ____  
  _     \ \  |_   _| ____/ ___|_   _| |  _ \ / \  / ___|/ ___|| ____|  _ \ 
 (_)_____| |   | | |  _| \___ \ | |   | |_) / _ \ \___ \\___ \|  _| | | | |
  _|_____| |   | | | |___ ___) || |   |  __/ ___ \ ___) |___) | |___| |_| |
 (_)     | |   |_| |_____|____/ |_|   |_| /_/   \_\____/|____/|_____|____/ 
        /_/                                                                

TEST PASSED: Create Business Units
----------------------------------------------------------------------------
[Test worker] WARN net.thucydides.core.steps.BaseStepListener - stepStarted: net.thucydides.core.steps.ExecutedStepDescription@68d52ae0
[Test worker] WARN net.thucydides.core.steps.BaseStepListener - stepStarted: net.thucydides.core.steps.ExecutedStepDescription@62991679
[Test worker] WARN net.thucydides.core.steps.BaseStepListener - stepStarted: net.thucydides.core.steps.ExecutedStepDescription@2f7f9a0f
may. 17, 2022 11:51:59 A. M. org.openqa.selenium.remote.DesiredCapabilities chrome
INFORMACIÓN: Using `new ChromeOptions()` is preferred to `DesiredCapabilities.chrome()`
[Test worker] INFO net.serenitybdd.core.webdriver.driverproviders.ProvideNewDriver - Instantiating driver
[Test worker] INFO net.serenitybdd.core.webdriver.driverproviders.ProvideNewDriver - Driver capabilities: Capabilities {acceptInsecureCerts: false, browserName: chrome, chrome.switches: --start-maximized, goog:chromeOptions: {args: [--start-maximized], extensions: []}, loggingPrefs: org.openqa.selenium.logging..., platform: ANY, version: }
Starting ChromeDriver 101.0.4951.41 (93c720db8323b3ec10d056025ab95c23a31997c9-refs/branch-heads/4951@{#904}) on port 35645
Only local connections are allowed.
Please see https://chromedriver.chromium.org/security-considerations for suggestions on keeping ChromeDriver safe.
ChromeDriver was started successfully.
may. 17, 2022 11:52:02 A. M. org.openqa.selenium.remote.ProtocolHandshake createSession
INFORMACIÓN: Detected dialect: W3C
[Test worker] WARN net.thucydides.core.steps.BaseStepListener - stepFinished: current outcome:Create meeting:Example: {strMeetingName=FirstMeet, strMeetingNumber=20001, strStartDate=05/20/2022, strEndDate=05/21/2022, strNameMeeting=FirstMeet, strNumberMeeting=20001} [Given that an user want to login in StartSharp [User open [user opens the Open page]]]
[Test worker] WARN net.thucydides.core.steps.BaseStepListener - stepFinished: current outcome:Create meeting:Example: {strMeetingName=FirstMeet, strMeetingNumber=20001, strStartDate=05/20/2022, strEndDate=05/21/2022, strNameMeeting=FirstMeet, strNumberMeeting=20001} [Given that an user want to login in StartSharp [User open [user opens the Open page]]]
[Test worker] WARN net.thucydides.core.steps.BaseStepListener - stepFinished: current outcome:Create meeting:Example: {strMeetingName=FirstMeet, strMeetingNumber=20001, strStartDate=05/20/2022, strEndDate=05/21/2022, strNameMeeting=FirstMeet, strNumberMeeting=20001} [Given that an user want to login in StartSharp [User open [user opens the Open page]]]
[Test worker] WARN net.thucydides.core.steps.BaseStepListener - stepStarted: net.thucydides.core.steps.ExecutedStepDescription@27b77e11
[Test worker] WARN net.thucydides.core.steps.BaseStepListener - stepStarted: net.thucydides.core.steps.ExecutedStepDescription@6dde208a
[Test worker] WARN net.thucydides.core.steps.BaseStepListener - stepStarted: net.thucydides.core.steps.ExecutedStepDescription@6f338e67
[Test worker] WARN net.thucydides.core.steps.BaseStepListener - stepFinished: current outcome:Create meeting:Example: {strMeetingName=FirstMeet, strMeetingNumber=20001, strStartDate=05/20/2022, strEndDate=05/21/2022, strNameMeeting=FirstMeet, strNumberMeeting=20001} [Given that an user want to login in StartSharp [User open [user opens the Open page]], When the user insert the information of the meeting
| strMeetingName | strMeetingNumber | strStartDate | strEndDate |
| FirstMeet | 20001 | 05/20/2022 | 05/21/2022 | [User create meeting [user clicks on Button for login]]]
[Test worker] WARN net.thucydides.core.steps.BaseStepListener - stepStarted: net.thucydides.core.steps.ExecutedStepDescription@4f2b88d
[Test worker] WARN net.thucydides.core.steps.BaseStepListener - stepFinished: current outcome:Create meeting:Example: {strMeetingName=FirstMeet, strMeetingNumber=20001, strStartDate=05/20/2022, strEndDate=05/21/2022, strNameMeeting=FirstMeet, strNumberMeeting=20001} [Given that an user want to login in StartSharp [User open [user opens the Open page]], When the user insert the information of the meeting
| strMeetingName | strMeetingNumber | strStartDate | strEndDate |
| FirstMeet | 20001 | 05/20/2022 | 05/21/2022 | [User create meeting [user clicks on Button for login, user clicks on Select option meeting]]]
[Test worker] WARN net.thucydides.core.steps.BaseStepListener - stepStarted: net.thucydides.core.steps.ExecutedStepDescription@6fa8ac4c
[Test worker] WARN net.thucydides.core.steps.BaseStepListener - stepFinished: current outcome:Create meeting:Example: {strMeetingName=FirstMeet, strMeetingNumber=20001, strStartDate=05/20/2022, strEndDate=05/21/2022, strNameMeeting=FirstMeet, strNumberMeeting=20001} [Given that an user want to login in StartSharp [User open [user opens the Open page]], When the user insert the information of the meeting
| strMeetingName | strMeetingNumber | strStartDate | strEndDate |
| FirstMeet | 20001 | 05/20/2022 | 05/21/2022 | [User create meeting [user clicks on Button for login, user clicks on Select option meeting, user clicks on Select option meetings]]]
[Test worker] WARN net.thucydides.core.steps.BaseStepListener - stepStarted: net.thucydides.core.steps.ExecutedStepDescription@22bd22b5
[Test worker] WARN net.thucydides.core.steps.BaseStepListener - stepFinished: current outcome:Create meeting:Example: {strMeetingName=FirstMeet, strMeetingNumber=20001, strStartDate=05/20/2022, strEndDate=05/21/2022, strNameMeeting=FirstMeet, strNumberMeeting=20001} [Given that an user want to login in StartSharp [User open [user opens the Open page]], When the user insert the information of the meeting
| strMeetingName | strMeetingNumber | strStartDate | strEndDate |
| FirstMeet | 20001 | 05/20/2022 | 05/21/2022 | [User create meeting [user clicks on Button for login, user clicks on Select option meeting, user clicks on Select option meetings, user clicks on Select option new meeting]]]
[Test worker] WARN net.thucydides.core.steps.BaseStepListener - stepStarted: net.thucydides.core.steps.ExecutedStepDescription@26a2d730
[Test worker] WARN net.thucydides.core.steps.BaseStepListener - stepFinished: current outcome:Create meeting:Example: {strMeetingName=FirstMeet, strMeetingNumber=20001, strStartDate=05/20/2022, strEndDate=05/21/2022, strNameMeeting=FirstMeet, strNumberMeeting=20001} [Given that an user want to login in StartSharp [User open [user opens the Open page]], When the user insert the information of the meeting
| strMeetingName | strMeetingNumber | strStartDate | strEndDate |
| FirstMeet | 20001 | 05/20/2022 | 05/21/2022 | [User create meeting [user clicks on Button for login, user clicks on Select option meeting, user clicks on Select option meetings, user clicks on Select option new meeting, user enters 'FirstMeet' into Enter meeting name]]]
[Test worker] WARN net.thucydides.core.steps.BaseStepListener - stepStarted: net.thucydides.core.steps.ExecutedStepDescription@6ba509b0
[Test worker] WARN net.thucydides.core.steps.BaseStepListener - stepFinished: current outcome:Create meeting:Example: {strMeetingName=FirstMeet, strMeetingNumber=20001, strStartDate=05/20/2022, strEndDate=05/21/2022, strNameMeeting=FirstMeet, strNumberMeeting=20001} [Given that an user want to login in StartSharp [User open [user opens the Open page]], When the user insert the information of the meeting
| strMeetingName | strMeetingNumber | strStartDate | strEndDate |
| FirstMeet | 20001 | 05/20/2022 | 05/21/2022 | [User create meeting [user clicks on Button for login, user clicks on Select option meeting, user clicks on Select option meetings, user clicks on Select option new meeting, user enters 'FirstMeet' into Enter meeting name, user clicks on Select meeting type]]]
[Test worker] WARN net.thucydides.core.steps.BaseStepListener - stepStarted: net.thucydides.core.steps.ExecutedStepDescription@3cb3f1e3
[Test worker] WARN net.thucydides.core.steps.BaseStepListener - stepFinished: current outcome:Create meeting:Example: {strMeetingName=FirstMeet, strMeetingNumber=20001, strStartDate=05/20/2022, strEndDate=05/21/2022, strNameMeeting=FirstMeet, strNumberMeeting=20001} [Given that an user want to login in StartSharp [User open [user opens the Open page]], When the user insert the information of the meeting
| strMeetingName | strMeetingNumber | strStartDate | strEndDate |
| FirstMeet | 20001 | 05/20/2022 | 05/21/2022 | [User create meeting [user clicks on Button for login, user clicks on Select option meeting, user clicks on Select option meetings, user clicks on Select option new meeting, user enters 'FirstMeet' into Enter meeting name, user clicks on Select meeting type, user clicks on Select option meeting type]]]
[Test worker] WARN net.thucydides.core.steps.BaseStepListener - stepStarted: net.thucydides.core.steps.ExecutedStepDescription@11eed78f
[Test worker] WARN net.thucydides.core.steps.BaseStepListener - stepFinished: current outcome:Create meeting:Example: {strMeetingName=FirstMeet, strMeetingNumber=20001, strStartDate=05/20/2022, strEndDate=05/21/2022, strNameMeeting=FirstMeet, strNumberMeeting=20001} [Given that an user want to login in StartSharp [User open [user opens the Open page]], When the user insert the information of the meeting
| strMeetingName | strMeetingNumber | strStartDate | strEndDate |
| FirstMeet | 20001 | 05/20/2022 | 05/21/2022 | [User create meeting [user clicks on Button for login, user clicks on Select option meeting, user clicks on Select option meetings, user clicks on Select option new meeting, user enters 'FirstMeet' into Enter meeting name, user clicks on Select meeting type, user clicks on Select option meeting type, user enters '20001' into Enter meeting number]]]
[Test worker] WARN net.thucydides.core.steps.BaseStepListener - stepStarted: net.thucydides.core.steps.ExecutedStepDescription@671670e5
[Test worker] WARN net.thucydides.core.steps.BaseStepListener - stepFinished: current outcome:Create meeting:Example: {strMeetingName=FirstMeet, strMeetingNumber=20001, strStartDate=05/20/2022, strEndDate=05/21/2022, strNameMeeting=FirstMeet, strNumberMeeting=20001} [Given that an user want to login in StartSharp [User open [user opens the Open page]], When the user insert the information of the meeting
| strMeetingName | strMeetingNumber | strStartDate | strEndDate |
| FirstMeet | 20001 | 05/20/2022 | 05/21/2022 | [User create meeting [user clicks on Button for login, user clicks on Select option meeting, user clicks on Select option meetings, user clicks on Select option new meeting, user enters 'FirstMeet' into Enter meeting name, user clicks on Select meeting type, user clicks on Select option meeting type, user enters '20001' into Enter meeting number, user enters '05/20/2022' into Enter start date meeting]]]
[Test worker] WARN net.thucydides.core.steps.BaseStepListener - stepStarted: net.thucydides.core.steps.ExecutedStepDescription@3a5928e
[Test worker] WARN net.thucydides.core.steps.BaseStepListener - stepFinished: current outcome:Create meeting:Example: {strMeetingName=FirstMeet, strMeetingNumber=20001, strStartDate=05/20/2022, strEndDate=05/21/2022, strNameMeeting=FirstMeet, strNumberMeeting=20001} [Given that an user want to login in StartSharp [User open [user opens the Open page]], When the user insert the information of the meeting
| strMeetingName | strMeetingNumber | strStartDate | strEndDate |
| FirstMeet | 20001 | 05/20/2022 | 05/21/2022 | [User create meeting [user clicks on Button for login, user clicks on Select option meeting, user clicks on Select option meetings, user clicks on Select option new meeting, user enters 'FirstMeet' into Enter meeting name, user clicks on Select meeting type, user clicks on Select option meeting type, user enters '20001' into Enter meeting number, user enters '05/20/2022' into Enter start date meeting, user clicks on Enter start time meeting]]]
[Test worker] WARN net.thucydides.core.steps.BaseStepListener - stepStarted: net.thucydides.core.steps.ExecutedStepDescription@1954d30e
[Test worker] WARN net.thucydides.core.steps.BaseStepListener - stepFinished: current outcome:Create meeting:Example: {strMeetingName=FirstMeet, strMeetingNumber=20001, strStartDate=05/20/2022, strEndDate=05/21/2022, strNameMeeting=FirstMeet, strNumberMeeting=20001} [Given that an user want to login in StartSharp [User open [user opens the Open page]], When the user insert the information of the meeting
| strMeetingName | strMeetingNumber | strStartDate | strEndDate |
| FirstMeet | 20001 | 05/20/2022 | 05/21/2022 | [User create meeting [user clicks on Button for login, user clicks on Select option meeting, user clicks on Select option meetings, user clicks on Select option new meeting, user enters 'FirstMeet' into Enter meeting name, user clicks on Select meeting type, user clicks on Select option meeting type, user enters '20001' into Enter meeting number, user enters '05/20/2022' into Enter start date meeting, user clicks on Enter start time meeting, user enters '05/21/2022' into Enter end date meeting]]]
[Test worker] WARN net.thucydides.core.steps.BaseStepListener - stepStarted: net.thucydides.core.steps.ExecutedStepDescription@3bda311b
[Test worker] WARN net.thucydides.core.steps.BaseStepListener - stepFinished: current outcome:Create meeting:Example: {strMeetingName=FirstMeet, strMeetingNumber=20001, strStartDate=05/20/2022, strEndDate=05/21/2022, strNameMeeting=FirstMeet, strNumberMeeting=20001} [Given that an user want to login in StartSharp [User open [user opens the Open page]], When the user insert the information of the meeting
| strMeetingName | strMeetingNumber | strStartDate | strEndDate |
| FirstMeet | 20001 | 05/20/2022 | 05/21/2022 | [User create meeting [user clicks on Button for login, user clicks on Select option meeting, user clicks on Select option meetings, user clicks on Select option new meeting, user enters 'FirstMeet' into Enter meeting name, user clicks on Select meeting type, user clicks on Select option meeting type, user enters '20001' into Enter meeting number, user enters '05/20/2022' into Enter start date meeting, user clicks on Enter start time meeting, user enters '05/21/2022' into Enter end date meeting, user clicks on Enter start time meeting]]]
[Test worker] WARN net.thucydides.core.steps.BaseStepListener - stepStarted: net.thucydides.core.steps.ExecutedStepDescription@246bdf09
[Test worker] WARN net.thucydides.core.steps.BaseStepListener - stepFinished: current outcome:Create meeting:Example: {strMeetingName=FirstMeet, strMeetingNumber=20001, strStartDate=05/20/2022, strEndDate=05/21/2022, strNameMeeting=FirstMeet, strNumberMeeting=20001} [Given that an user want to login in StartSharp [User open [user opens the Open page]], When the user insert the information of the meeting
| strMeetingName | strMeetingNumber | strStartDate | strEndDate |
| FirstMeet | 20001 | 05/20/2022 | 05/21/2022 | [User create meeting [user clicks on Button for login, user clicks on Select option meeting, user clicks on Select option meetings, user clicks on Select option new meeting, user enters 'FirstMeet' into Enter meeting name, user clicks on Select meeting type, user clicks on Select option meeting type, user enters '20001' into Enter meeting number, user enters '05/20/2022' into Enter start date meeting, user clicks on Enter start time meeting, user enters '05/21/2022' into Enter end date meeting, user clicks on Enter start time meeting, user clicks on Select location]]]
[Test worker] WARN net.thucydides.core.steps.BaseStepListener - stepStarted: net.thucydides.core.steps.ExecutedStepDescription@780690cb
[Test worker] WARN net.thucydides.core.steps.BaseStepListener - stepFinished: current outcome:Create meeting:Example: {strMeetingName=FirstMeet, strMeetingNumber=20001, strStartDate=05/20/2022, strEndDate=05/21/2022, strNameMeeting=FirstMeet, strNumberMeeting=20001} [Given that an user want to login in StartSharp [User open [user opens the Open page]], When the user insert the information of the meeting
| strMeetingName | strMeetingNumber | strStartDate | strEndDate |
| FirstMeet | 20001 | 05/20/2022 | 05/21/2022 | [User create meeting [user clicks on Button for login, user clicks on Select option meeting, user clicks on Select option meetings, user clicks on Select option new meeting, user enters 'FirstMeet' into Enter meeting name, user clicks on Select meeting type, user clicks on Select option meeting type, user enters '20001' into Enter meeting number, user enters '05/20/2022' into Enter start date meeting, user clicks on Enter start time meeting, user enters '05/21/2022' into Enter end date meeting, user clicks on Enter start time meeting, user clicks on Select location, user clicks on Select option location]]]
[Test worker] WARN net.thucydides.core.steps.BaseStepListener - stepStarted: net.thucydides.core.steps.ExecutedStepDescription@7b16d84
[Test worker] WARN net.thucydides.core.steps.BaseStepListener - stepFinished: current outcome:Create meeting:Example: {strMeetingName=FirstMeet, strMeetingNumber=20001, strStartDate=05/20/2022, strEndDate=05/21/2022, strNameMeeting=FirstMeet, strNumberMeeting=20001} [Given that an user want to login in StartSharp [User open [user opens the Open page]], When the user insert the information of the meeting
| strMeetingName | strMeetingNumber | strStartDate | strEndDate |
| FirstMeet | 20001 | 05/20/2022 | 05/21/2022 | [User create meeting [user clicks on Button for login, user clicks on Select option meeting, user clicks on Select option meetings, user clicks on Select option new meeting, user enters 'FirstMeet' into Enter meeting name, user clicks on Select meeting type, user clicks on Select option meeting type, user enters '20001' into Enter meeting number, user enters '05/20/2022' into Enter start date meeting, user clicks on Enter start time meeting, user enters '05/21/2022' into Enter end date meeting, user clicks on Enter start time meeting, user clicks on Select location, user clicks on Select option location, user clicks on Select unit]]]
[Test worker] WARN net.thucydides.core.steps.BaseStepListener - stepStarted: net.thucydides.core.steps.ExecutedStepDescription@3bbfdc66
[Test worker] WARN net.thucydides.core.steps.BaseStepListener - stepFinished: current outcome:Create meeting:Example: {strMeetingName=FirstMeet, strMeetingNumber=20001, strStartDate=05/20/2022, strEndDate=05/21/2022, strNameMeeting=FirstMeet, strNumberMeeting=20001} [Given that an user want to login in StartSharp [User open [user opens the Open page]], When the user insert the information of the meeting
| strMeetingName | strMeetingNumber | strStartDate | strEndDate |
| FirstMeet | 20001 | 05/20/2022 | 05/21/2022 | [User create meeting [user clicks on Button for login, user clicks on Select option meeting, user clicks on Select option meetings, user clicks on Select option new meeting, user enters 'FirstMeet' into Enter meeting name, user clicks on Select meeting type, user clicks on Select option meeting type, user enters '20001' into Enter meeting number, user enters '05/20/2022' into Enter start date meeting, user clicks on Enter start time meeting, user enters '05/21/2022' into Enter end date meeting, user clicks on Enter start time meeting, user clicks on Select location, user clicks on Select option location, user clicks on Select unit, user clicks on Select option unit]]]
[Test worker] WARN net.thucydides.core.steps.BaseStepListener - stepStarted: net.thucydides.core.steps.ExecutedStepDescription@6591f943
[Test worker] WARN net.thucydides.core.steps.BaseStepListener - stepFinished: current outcome:Create meeting:Example: {strMeetingName=FirstMeet, strMeetingNumber=20001, strStartDate=05/20/2022, strEndDate=05/21/2022, strNameMeeting=FirstMeet, strNumberMeeting=20001} [Given that an user want to login in StartSharp [User open [user opens the Open page]], When the user insert the information of the meeting
| strMeetingName | strMeetingNumber | strStartDate | strEndDate |
| FirstMeet | 20001 | 05/20/2022 | 05/21/2022 | [User create meeting [user clicks on Button for login, user clicks on Select option meeting, user clicks on Select option meetings, user clicks on Select option new meeting, user enters 'FirstMeet' into Enter meeting name, user clicks on Select meeting type, user clicks on Select option meeting type, user enters '20001' into Enter meeting number, user enters '05/20/2022' into Enter start date meeting, user clicks on Enter start time meeting, user enters '05/21/2022' into Enter end date meeting, user clicks on Enter start time meeting, user clicks on Select location, user clicks on Select option location, user clicks on Select unit, user clicks on Select option unit, user clicks on Select organized by]]]
[Test worker] WARN net.thucydides.core.steps.BaseStepListener - stepStarted: net.thucydides.core.steps.ExecutedStepDescription@3c054d14
[Test worker] WARN net.thucydides.core.steps.BaseStepListener - stepFinished: current outcome:Create meeting:Example: {strMeetingName=FirstMeet, strMeetingNumber=20001, strStartDate=05/20/2022, strEndDate=05/21/2022, strNameMeeting=FirstMeet, strNumberMeeting=20001} [Given that an user want to login in StartSharp [User open [user opens the Open page]], When the user insert the information of the meeting
| strMeetingName | strMeetingNumber | strStartDate | strEndDate |
| FirstMeet | 20001 | 05/20/2022 | 05/21/2022 | [User create meeting [user clicks on Button for login, user clicks on Select option meeting, user clicks on Select option meetings, user clicks on Select option new meeting, user enters 'FirstMeet' into Enter meeting name, user clicks on Select meeting type, user clicks on Select option meeting type, user enters '20001' into Enter meeting number, user enters '05/20/2022' into Enter start date meeting, user clicks on Enter start time meeting, user enters '05/21/2022' into Enter end date meeting, user clicks on Enter start time meeting, user clicks on Select location, user clicks on Select option location, user clicks on Select unit, user clicks on Select option unit, user clicks on Select organized by, user clicks on Select the organizer option]]]
[Test worker] WARN net.thucydides.core.steps.BaseStepListener - stepStarted: net.thucydides.core.steps.ExecutedStepDescription@33e716dc
[Test worker] WARN net.thucydides.core.steps.BaseStepListener - stepFinished: current outcome:Create meeting:Example: {strMeetingName=FirstMeet, strMeetingNumber=20001, strStartDate=05/20/2022, strEndDate=05/21/2022, strNameMeeting=FirstMeet, strNumberMeeting=20001} [Given that an user want to login in StartSharp [User open [user opens the Open page]], When the user insert the information of the meeting
| strMeetingName | strMeetingNumber | strStartDate | strEndDate |
| FirstMeet | 20001 | 05/20/2022 | 05/21/2022 | [User create meeting [user clicks on Button for login, user clicks on Select option meeting, user clicks on Select option meetings, user clicks on Select option new meeting, user enters 'FirstMeet' into Enter meeting name, user clicks on Select meeting type, user clicks on Select option meeting type, user enters '20001' into Enter meeting number, user enters '05/20/2022' into Enter start date meeting, user clicks on Enter start time meeting, user enters '05/21/2022' into Enter end date meeting, user clicks on Enter start time meeting, user clicks on Select location, user clicks on Select option location, user clicks on Select unit, user clicks on Select option unit, user clicks on Select organized by, user clicks on Select the organizer option, user clicks on Select reporter]]]
[Test worker] WARN net.thucydides.core.steps.BaseStepListener - stepStarted: net.thucydides.core.steps.ExecutedStepDescription@74ecad50
[Test worker] WARN net.thucydides.core.steps.BaseStepListener - stepFinished: current outcome:Create meeting:Example: {strMeetingName=FirstMeet, strMeetingNumber=20001, strStartDate=05/20/2022, strEndDate=05/21/2022, strNameMeeting=FirstMeet, strNumberMeeting=20001} [Given that an user want to login in StartSharp [User open [user opens the Open page]], When the user insert the information of the meeting
| strMeetingName | strMeetingNumber | strStartDate | strEndDate |
| FirstMeet | 20001 | 05/20/2022 | 05/21/2022 | [User create meeting [user clicks on Button for login, user clicks on Select option meeting, user clicks on Select option meetings, user clicks on Select option new meeting, user enters 'FirstMeet' into Enter meeting name, user clicks on Select meeting type, user clicks on Select option meeting type, user enters '20001' into Enter meeting number, user enters '05/20/2022' into Enter start date meeting, user clicks on Enter start time meeting, user enters '05/21/2022' into Enter end date meeting, user clicks on Enter start time meeting, user clicks on Select location, user clicks on Select option location, user clicks on Select unit, user clicks on Select option unit, user clicks on Select organized by, user clicks on Select the organizer option, user clicks on Select reporter, user clicks on Select the reporter option]]]
[Test worker] WARN net.thucydides.core.steps.BaseStepListener - stepStarted: net.thucydides.core.steps.ExecutedStepDescription@2e38f2cf
[Test worker] WARN net.thucydides.core.steps.BaseStepListener - stepFinished: current outcome:Create meeting:Example: {strMeetingName=FirstMeet, strMeetingNumber=20001, strStartDate=05/20/2022, strEndDate=05/21/2022, strNameMeeting=FirstMeet, strNumberMeeting=20001} [Given that an user want to login in StartSharp [User open [user opens the Open page]], When the user insert the information of the meeting
| strMeetingName | strMeetingNumber | strStartDate | strEndDate |
| FirstMeet | 20001 | 05/20/2022 | 05/21/2022 | [User create meeting [user clicks on Button for login, user clicks on Select option meeting, user clicks on Select option meetings, user clicks on Select option new meeting, user enters 'FirstMeet' into Enter meeting name, user clicks on Select meeting type, user clicks on Select option meeting type, user enters '20001' into Enter meeting number, user enters '05/20/2022' into Enter start date meeting, user clicks on Enter start time meeting, user enters '05/21/2022' into Enter end date meeting, user clicks on Enter start time meeting, user clicks on Select location, user clicks on Select option location, user clicks on Select unit, user clicks on Select option unit, user clicks on Select organized by, user clicks on Select the organizer option, user clicks on Select reporter, user clicks on Select the reporter option, user clicks on Select attendee list]]]
[Test worker] WARN net.thucydides.core.steps.BaseStepListener - stepStarted: net.thucydides.core.steps.ExecutedStepDescription@1a86689c
[Test worker] WARN net.thucydides.core.steps.BaseStepListener - stepFinished: current outcome:Create meeting:Example: {strMeetingName=FirstMeet, strMeetingNumber=20001, strStartDate=05/20/2022, strEndDate=05/21/2022, strNameMeeting=FirstMeet, strNumberMeeting=20001} [Given that an user want to login in StartSharp [User open [user opens the Open page]], When the user insert the information of the meeting
| strMeetingName | strMeetingNumber | strStartDate | strEndDate |
| FirstMeet | 20001 | 05/20/2022 | 05/21/2022 | [User create meeting [user clicks on Button for login, user clicks on Select option meeting, user clicks on Select option meetings, user clicks on Select option new meeting, user enters 'FirstMeet' into Enter meeting name, user clicks on Select meeting type, user clicks on Select option meeting type, user enters '20001' into Enter meeting number, user enters '05/20/2022' into Enter start date meeting, user clicks on Enter start time meeting, user enters '05/21/2022' into Enter end date meeting, user clicks on Enter start time meeting, user clicks on Select location, user clicks on Select option location, user clicks on Select unit, user clicks on Select option unit, user clicks on Select organized by, user clicks on Select the organizer option, user clicks on Select reporter, user clicks on Select the reporter option, user clicks on Select attendee list, user clicks on Select the attendee list option]]]
[Test worker] WARN net.thucydides.core.steps.BaseStepListener - stepStarted: net.thucydides.core.steps.ExecutedStepDescription@2139e9
[Test worker] WARN net.thucydides.core.steps.BaseStepListener - stepFinished: current outcome:Create meeting:Example: {strMeetingName=FirstMeet, strMeetingNumber=20001, strStartDate=05/20/2022, strEndDate=05/21/2022, strNameMeeting=FirstMeet, strNumberMeeting=20001} [Given that an user want to login in StartSharp [User open [user opens the Open page]], When the user insert the information of the meeting
| strMeetingName | strMeetingNumber | strStartDate | strEndDate |
| FirstMeet | 20001 | 05/20/2022 | 05/21/2022 | [User create meeting [user clicks on Button for login, user clicks on Select option meeting, user clicks on Select option meetings, user clicks on Select option new meeting, user enters 'FirstMeet' into Enter meeting name, user clicks on Select meeting type, user clicks on Select option meeting type, user enters '20001' into Enter meeting number, user enters '05/20/2022' into Enter start date meeting, user clicks on Enter start time meeting, user enters '05/21/2022' into Enter end date meeting, user clicks on Enter start time meeting, user clicks on Select location, user clicks on Select option location, user clicks on Select unit, user clicks on Select option unit, user clicks on Select organized by, user clicks on Select the organizer option, user clicks on Select reporter, user clicks on Select the reporter option, user clicks on Select attendee list, user clicks on Select the attendee list option, user clicks on Select save meeting]]]
[Test worker] WARN net.thucydides.core.steps.BaseStepListener - stepFinished: current outcome:Create meeting:Example: {strMeetingName=FirstMeet, strMeetingNumber=20001, strStartDate=05/20/2022, strEndDate=05/21/2022, strNameMeeting=FirstMeet, strNumberMeeting=20001} [Given that an user want to login in StartSharp [User open [user opens the Open page]], When the user insert the information of the meeting
| strMeetingName | strMeetingNumber | strStartDate | strEndDate |
| FirstMeet | 20001 | 05/20/2022 | 05/21/2022 | [User create meeting [user clicks on Button for login, user clicks on Select option meeting, user clicks on Select option meetings, user clicks on Select option new meeting, user enters 'FirstMeet' into Enter meeting name, user clicks on Select meeting type, user clicks on Select option meeting type, user enters '20001' into Enter meeting number, user enters '05/20/2022' into Enter start date meeting, user clicks on Enter start time meeting, user enters '05/21/2022' into Enter end date meeting, user clicks on Enter start time meeting, user clicks on Select location, user clicks on Select option location, user clicks on Select unit, user clicks on Select option unit, user clicks on Select organized by, user clicks on Select the organizer option, user clicks on Select reporter, user clicks on Select the reporter option, user clicks on Select attendee list, user clicks on Select the attendee list option, user clicks on Select save meeting]]]
[Test worker] WARN net.thucydides.core.steps.BaseStepListener - stepFinished: current outcome:Create meeting:Example: {strMeetingName=FirstMeet, strMeetingNumber=20001, strStartDate=05/20/2022, strEndDate=05/21/2022, strNameMeeting=FirstMeet, strNumberMeeting=20001} [Given that an user want to login in StartSharp [User open [user opens the Open page]], When the user insert the information of the meeting
| strMeetingName | strMeetingNumber | strStartDate | strEndDate |
| FirstMeet | 20001 | 05/20/2022 | 05/21/2022 | [User create meeting [user clicks on Button for login, user clicks on Select option meeting, user clicks on Select option meetings, user clicks on Select option new meeting, user enters 'FirstMeet' into Enter meeting name, user clicks on Select meeting type, user clicks on Select option meeting type, user enters '20001' into Enter meeting number, user enters '05/20/2022' into Enter start date meeting, user clicks on Enter start time meeting, user enters '05/21/2022' into Enter end date meeting, user clicks on Enter start time meeting, user clicks on Select location, user clicks on Select option location, user clicks on Select unit, user clicks on Select option unit, user clicks on Select organized by, user clicks on Select the organizer option, user clicks on Select reporter, user clicks on Select the reporter option, user clicks on Select attendee list, user clicks on Select the attendee list option, user clicks on Select save meeting]]]
[Test worker] WARN net.thucydides.core.steps.BaseStepListener - stepStarted: net.thucydides.core.steps.ExecutedStepDescription@68cd342c
[Test worker] WARN net.thucydides.core.steps.BaseStepListener - stepStarted: net.thucydides.core.steps.ExecutedStepDescription@5cb216c6
[Test worker] WARN net.thucydides.core.steps.BaseStepListener - stepFinished: current outcome:Create meeting:Example: {strMeetingName=FirstMeet, strMeetingNumber=20001, strStartDate=05/20/2022, strEndDate=05/21/2022, strNameMeeting=FirstMeet, strNumberMeeting=20001} [Given that an user want to login in StartSharp [User open [user opens the Open page]], When the user insert the information of the meeting
| strMeetingName | strMeetingNumber | strStartDate | strEndDate |
| FirstMeet | 20001 | 05/20/2022 | 05/21/2022 | [User create meeting [user clicks on Button for login, user clicks on Select option meeting, user clicks on Select option meetings, user clicks on Select option new meeting, user enters 'FirstMeet' into Enter meeting name, user clicks on Select meeting type, user clicks on Select option meeting type, user enters '20001' into Enter meeting number, user enters '05/20/2022' into Enter start date meeting, user clicks on Enter start time meeting, user enters '05/21/2022' into Enter end date meeting, user clicks on Enter start time meeting, user clicks on Select location, user clicks on Select option location, user clicks on Select unit, user clicks on Select option unit, user clicks on Select organized by, user clicks on Select the organizer option, user clicks on Select reporter, user clicks on Select the reporter option, user clicks on Select attendee list, user clicks on Select the attendee list option, user clicks on Select save meeting]], Then it should show meeting name
| strNameMeeting | strNumberMeeting |
| FirstMeet | 20001 | [Then the meeting]]
[Test worker] WARN net.thucydides.core.steps.BaseStepListener - stepFinished: current outcome:Create meeting:Example: {strMeetingName=FirstMeet, strMeetingNumber=20001, strStartDate=05/20/2022, strEndDate=05/21/2022, strNameMeeting=FirstMeet, strNumberMeeting=20001} [Given that an user want to login in StartSharp [User open [user opens the Open page]], When the user insert the information of the meeting
| strMeetingName | strMeetingNumber | strStartDate | strEndDate |
| FirstMeet | 20001 | 05/20/2022 | 05/21/2022 | [User create meeting [user clicks on Button for login, user clicks on Select option meeting, user clicks on Select option meetings, user clicks on Select option new meeting, user enters 'FirstMeet' into Enter meeting name, user clicks on Select meeting type, user clicks on Select option meeting type, user enters '20001' into Enter meeting number, user enters '05/20/2022' into Enter start date meeting, user clicks on Enter start time meeting, user enters '05/21/2022' into Enter end date meeting, user clicks on Enter start time meeting, user clicks on Select location, user clicks on Select option location, user clicks on Select unit, user clicks on Select option unit, user clicks on Select organized by, user clicks on Select the organizer option, user clicks on Select reporter, user clicks on Select the reporter option, user clicks on Select attendee list, user clicks on Select the attendee list option, user clicks on Select save meeting]], Then it should show meeting name
| strNameMeeting | strNumberMeeting |
| FirstMeet | 20001 | [Then the meeting]]
[Test worker] WARN net.thucydides.core.steps.BaseStepListener - stepFinished: current outcome:Create meeting:Example: {strMeetingName=FirstMeet, strMeetingNumber=20001, strStartDate=05/20/2022, strEndDate=05/21/2022, strNameMeeting=FirstMeet, strNumberMeeting=20001} [Given that an user want to login in StartSharp [User open [user opens the Open page]], When the user insert the information of the meeting
| strMeetingName | strMeetingNumber | strStartDate | strEndDate |
| FirstMeet | 20001 | 05/20/2022 | 05/21/2022 | [User create meeting [user clicks on Button for login, user clicks on Select option meeting, user clicks on Select option meetings, user clicks on Select option new meeting, user enters 'FirstMeet' into Enter meeting name, user clicks on Select meeting type, user clicks on Select option meeting type, user enters '20001' into Enter meeting number, user enters '05/20/2022' into Enter start date meeting, user clicks on Enter start time meeting, user enters '05/21/2022' into Enter end date meeting, user clicks on Enter start time meeting, user clicks on Select location, user clicks on Select option location, user clicks on Select unit, user clicks on Select option unit, user clicks on Select organized by, user clicks on Select the organizer option, user clicks on Select reporter, user clicks on Select the reporter option, user clicks on Select attendee list, user clicks on Select the attendee list option, user clicks on Select save meeting]], Then it should show meeting name
| strNameMeeting | strNumberMeeting |
| FirstMeet | 20001 | [Then the meeting]]
[Test worker] WARN net.thucydides.core.steps.BaseStepListener - testFinished: Create meeting:Example: {strMeetingName=FirstMeet, strMeetingNumber=20001, strStartDate=05/20/2022, strEndDate=05/21/2022, strNameMeeting=FirstMeet, strNumberMeeting=20001} [Given that an user want to login in StartSharp [User open [user opens the Open page]], When the user insert the information of the meeting
| strMeetingName | strMeetingNumber | strStartDate | strEndDate |
| FirstMeet | 20001 | 05/20/2022 | 05/21/2022 | [User create meeting [user clicks on Button for login, user clicks on Select option meeting, user clicks on Select option meetings, user clicks on Select option new meeting, user enters 'FirstMeet' into Enter meeting name, user clicks on Select meeting type, user clicks on Select option meeting type, user enters '20001' into Enter meeting number, user enters '05/20/2022' into Enter start date meeting, user clicks on Enter start time meeting, user enters '05/21/2022' into Enter end date meeting, user clicks on Enter start time meeting, user clicks on Select location, user clicks on Select option location, user clicks on Select unit, user clicks on Select option unit, user clicks on Select organized by, user clicks on Select the organizer option, user clicks on Select reporter, user clicks on Select the reporter option, user clicks on Select attendee list, user clicks on Select the attendee list option, user clicks on Select save meeting]], Then it should show meeting name
| strNameMeeting | strNumberMeeting |
| FirstMeet | 20001 | [Then the meeting]]
[Test worker] WARN net.thucydides.core.steps.BaseStepListener - TestOutcomes: [Create Business Units:Example: {strNameBUnits=FirstUnits, strUnit=FirstUnits} [Given that an user want to login in StartSharp [User open [user opens the Open page]], When the user insert the information of the business units
| strNameBUnits |
| FirstUnits | [User create business units [user clicks on Button for login, user clicks on Select option organization, user clicks on Select option business units, user clicks on Select new business units, user enters 'FirstUnits' into Insert name business units, user clicks on Select parent unit, user clicks on Select option parent unit, user clicks on Save business units, user enters 'FirstUnits' into Search business units]], Then it should show Unit name
| strUnit |
| FirstUnits | [Then the nameof]], Create meeting:Example: {strMeetingName=FirstMeet, strMeetingNumber=20001, strStartDate=05/20/2022, strEndDate=05/21/2022, strNameMeeting=FirstMeet, strNumberMeeting=20001} [Given that an user want to login in StartSharp [User open [user opens the Open page]], When the user insert the information of the meeting
| strMeetingName | strMeetingNumber | strStartDate | strEndDate |
| FirstMeet | 20001 | 05/20/2022 | 05/21/2022 | [User create meeting [user clicks on Button for login, user clicks on Select option meeting, user clicks on Select option meetings, user clicks on Select option new meeting, user enters 'FirstMeet' into Enter meeting name, user clicks on Select meeting type, user clicks on Select option meeting type, user enters '20001' into Enter meeting number, user enters '05/20/2022' into Enter start date meeting, user clicks on Enter start time meeting, user enters '05/21/2022' into Enter end date meeting, user clicks on Enter start time meeting, user clicks on Select location, user clicks on Select option location, user clicks on Select unit, user clicks on Select option unit, user clicks on Select organized by, user clicks on Select the organizer option, user clicks on Select reporter, user clicks on Select the reporter option, user clicks on Select attendee list, user clicks on Select the attendee list option, user clicks on Select save meeting]], Then it should show meeting name
| strNameMeeting | strNumberMeeting |
| FirstMeet | 20001 | [Then the meeting]]]
[Test worker] WARN net.thucydides.core.steps.BaseStepListener - Final testOutcomes: [Create Business Units:Example: {strNameBUnits=FirstUnits, strUnit=FirstUnits} [Given that an user want to login in StartSharp [User open [user opens the Open page]], When the user insert the information of the business units
| strNameBUnits |
| FirstUnits | [User create business units [user clicks on Button for login, user clicks on Select option organization, user clicks on Select option business units, user clicks on Select new business units, user enters 'FirstUnits' into Insert name business units, user clicks on Select parent unit, user clicks on Select option parent unit, user clicks on Save business units, user enters 'FirstUnits' into Search business units]], Then it should show Unit name
| strUnit |
| FirstUnits | [Then the nameof]], Create meeting:Example: {strMeetingName=FirstMeet, strMeetingNumber=20001, strStartDate=05/20/2022, strEndDate=05/21/2022, strNameMeeting=FirstMeet, strNumberMeeting=20001} [Given that an user want to login in StartSharp [User open [user opens the Open page]], When the user insert the information of the meeting
| strMeetingName | strMeetingNumber | strStartDate | strEndDate |
| FirstMeet | 20001 | 05/20/2022 | 05/21/2022 | [User create meeting [user clicks on Button for login, user clicks on Select option meeting, user clicks on Select option meetings, user clicks on Select option new meeting, user enters 'FirstMeet' into Enter meeting name, user clicks on Select meeting type, user clicks on Select option meeting type, user enters '20001' into Enter meeting number, user enters '05/20/2022' into Enter start date meeting, user clicks on Enter start time meeting, user enters '05/21/2022' into Enter end date meeting, user clicks on Enter start time meeting, user clicks on Select location, user clicks on Select option location, user clicks on Select unit, user clicks on Select option unit, user clicks on Select organized by, user clicks on Select the organizer option, user clicks on Select reporter, user clicks on Select the reporter option, user clicks on Select attendee list, user clicks on Select the attendee list option, user clicks on Select save meeting]], Then it should show meeting name
| strNameMeeting | strNumberMeeting |
| FirstMeet | 20001 | [Then the meeting]]]
[Test worker] INFO net.thucydides.core.steps.ConsoleLoggingListener - 
        __    _____ _____ ____ _____   ____   _    ____  ____  _____ ____  
  _     \ \  |_   _| ____/ ___|_   _| |  _ \ / \  / ___|/ ___|| ____|  _ \ 
 (_)_____| |   | | |  _| \___ \ | |   | |_) / _ \ \___ \\___ \|  _| | | | |
  _|_____| |   | | | |___ ___) || |   |  __/ ___ \ ___) |___) | |___| |_| |
 (_)     | |   |_| |_____|____/ |_|   |_| /_/   \_\____/|____/|_____|____/ 
        /_/                                                                

TEST PASSED: Create meeting
----------------------------------------------------------------------------
]]></system-err>
</testsuite>
